2020-09-03 11:59:18,286 WARN  [SoapUI] Missing folder [C:\Users\PravalikaPuchakayala\Desktop\Pravalika\FullStack\RESTProject\rest-app\ext] for external libraries
2020-09-03 11:59:19,335 INFO  [DefaultSoapUICore] initialized soapui-settings from [C:\Users\PravalikaPuchakayala\soapui-settings.xml]
2020-09-03 11:59:22,743 INFO  [PluginManager] Adding plugin from [C:\Users\PravalikaPuchakayala\.soapuios\plugins\ready-mqtt-plugin-dist.jar]
2020-09-03 11:59:22,745 INFO  [PluginManager] Adding plugin from [C:\Users\PravalikaPuchakayala\.soapuios\plugins\soapui-swagger-plugin-2.2-dist.jar]
2020-09-03 11:59:24,868 ERROR [SoapUI] An error occurred [com.eviware.soapui.plugins.auto.factories.AutoDiscoveryMethodFactory], see error log for details
2020-09-03 11:59:24,877 ERROR [errorlog] java.lang.ClassNotFoundException: com.eviware.soapui.plugins.auto.factories.AutoDiscoveryMethodFactory
java.lang.ClassNotFoundException: com.eviware.soapui.plugins.auto.factories.AutoDiscoveryMethodFactory
	at org.codehaus.plexus.classworlds.strategy.SelfFirstStrategy.loadClass(SelfFirstStrategy.java:50)
	at org.codehaus.plexus.classworlds.realm.ClassRealm.unsynchronizedLoadClass(ClassRealm.java:271)
	at org.codehaus.plexus.classworlds.realm.ClassRealm.loadClass(ClassRealm.java:247)
	at org.codehaus.plexus.classworlds.realm.ClassRealm.loadClass(ClassRealm.java:239)
	at java.lang.Class.forName0(Native Method)
	at java.lang.Class.forName(Class.java:264)
	at com.eviware.soapui.plugins.LoaderBase.loadAutoFactories(LoaderBase.java:113)
	at com.eviware.soapui.plugins.LoaderBase.loadFactories(LoaderBase.java:80)
	at com.eviware.soapui.plugins.PluginLoader.loadPluginFactories(PluginLoader.java:141)
	at com.eviware.soapui.plugins.PluginLoader.loadPlugin(PluginLoader.java:104)
	at com.eviware.soapui.plugins.PluginLoader.loadPlugin(PluginLoader.java:54)
	at com.eviware.soapui.plugins.PluginManager.doInstallPlugin(PluginManager.java:141)
	at com.eviware.soapui.plugins.PluginManager.access$600(PluginManager.java:43)
	at com.eviware.soapui.plugins.PluginManager$LoadPluginsTask.computeSequentially(PluginManager.java:420)
	at com.eviware.soapui.plugins.PluginManager$LoadPluginsTask.compute(PluginManager.java:377)
	at com.eviware.soapui.plugins.PluginManager$LoadPluginsTask.compute(PluginManager.java:382)
	at com.eviware.soapui.plugins.PluginManager$LoadPluginsTask.compute(PluginManager.java:365)
	at java.util.concurrent.RecursiveTask.exec(RecursiveTask.java:94)
	at java.util.concurrent.ForkJoinTask.doExec(ForkJoinTask.java:289)
	at java.util.concurrent.ForkJoinPool$WorkQueue.runTask(ForkJoinPool.java:1056)
	at java.util.concurrent.ForkJoinPool.runWorker(ForkJoinPool.java:1692)
	at java.util.concurrent.ForkJoinWorkerThread.run(ForkJoinWorkerThread.java:172)
2020-09-03 11:59:26,103 ERROR [SoapUI] An error occurred [com.eviware.soapui.plugins.auto.factories.AutoDiscoveryMethodFactory], see error log for details
2020-09-03 11:59:26,105 ERROR [errorlog] java.lang.ClassNotFoundException: com.eviware.soapui.plugins.auto.factories.AutoDiscoveryMethodFactory
java.lang.ClassNotFoundException: com.eviware.soapui.plugins.auto.factories.AutoDiscoveryMethodFactory
	at org.codehaus.plexus.classworlds.strategy.SelfFirstStrategy.loadClass(SelfFirstStrategy.java:50)
	at org.codehaus.plexus.classworlds.realm.ClassRealm.unsynchronizedLoadClass(ClassRealm.java:271)
	at org.codehaus.plexus.classworlds.realm.ClassRealm.loadClass(ClassRealm.java:247)
	at org.codehaus.plexus.classworlds.realm.ClassRealm.loadClass(ClassRealm.java:239)
	at java.lang.Class.forName0(Native Method)
	at java.lang.Class.forName(Class.java:264)
	at com.eviware.soapui.plugins.LoaderBase.loadAutoFactories(LoaderBase.java:113)
	at com.eviware.soapui.plugins.LoaderBase.loadFactories(LoaderBase.java:80)
	at com.eviware.soapui.plugins.PluginLoader.loadPluginFactories(PluginLoader.java:141)
	at com.eviware.soapui.plugins.PluginLoader.loadPlugin(PluginLoader.java:104)
	at com.eviware.soapui.plugins.PluginLoader.loadPlugin(PluginLoader.java:54)
	at com.eviware.soapui.plugins.PluginManager.doInstallPlugin(PluginManager.java:141)
	at com.eviware.soapui.plugins.PluginManager.access$600(PluginManager.java:43)
	at com.eviware.soapui.plugins.PluginManager$LoadPluginsTask.computeSequentially(PluginManager.java:420)
	at com.eviware.soapui.plugins.PluginManager$LoadPluginsTask.compute(PluginManager.java:377)
	at com.eviware.soapui.plugins.PluginManager$LoadPluginsTask.compute(PluginManager.java:365)
	at java.util.concurrent.RecursiveTask.exec(RecursiveTask.java:94)
	at java.util.concurrent.ForkJoinTask.doExec(ForkJoinTask.java:289)
	at java.util.concurrent.ForkJoinPool$WorkQueue.runTask(ForkJoinPool.java:1056)
	at java.util.concurrent.ForkJoinPool.runWorker(ForkJoinPool.java:1692)
	at java.util.concurrent.ForkJoinWorkerThread.run(ForkJoinWorkerThread.java:172)
2020-09-03 11:59:26,218 ERROR [SoapUI] An error occurred [com.eviware.soapui.plugins.auto.factories.AutoImportMethodFactory], see error log for details
2020-09-03 11:59:26,373 ERROR [errorlog] java.lang.ClassNotFoundException: com.eviware.soapui.plugins.auto.factories.AutoImportMethodFactory
java.lang.ClassNotFoundException: com.eviware.soapui.plugins.auto.factories.AutoImportMethodFactory
	at org.codehaus.plexus.classworlds.strategy.SelfFirstStrategy.loadClass(SelfFirstStrategy.java:50)
	at org.codehaus.plexus.classworlds.realm.ClassRealm.unsynchronizedLoadClass(ClassRealm.java:271)
	at org.codehaus.plexus.classworlds.realm.ClassRealm.loadClass(ClassRealm.java:247)
	at org.codehaus.plexus.classworlds.realm.ClassRealm.loadClass(ClassRealm.java:239)
	at java.lang.Class.forName0(Native Method)
	at java.lang.Class.forName(Class.java:264)
	at com.eviware.soapui.plugins.LoaderBase.loadAutoFactories(LoaderBase.java:113)
	at com.eviware.soapui.plugins.LoaderBase.loadFactories(LoaderBase.java:80)
	at com.eviware.soapui.plugins.PluginLoader.loadPluginFactories(PluginLoader.java:141)
	at com.eviware.soapui.plugins.PluginLoader.loadPlugin(PluginLoader.java:104)
	at com.eviware.soapui.plugins.PluginLoader.loadPlugin(PluginLoader.java:54)
	at com.eviware.soapui.plugins.PluginManager.doInstallPlugin(PluginManager.java:141)
	at com.eviware.soapui.plugins.PluginManager.access$600(PluginManager.java:43)
	at com.eviware.soapui.plugins.PluginManager$LoadPluginsTask.computeSequentially(PluginManager.java:420)
	at com.eviware.soapui.plugins.PluginManager$LoadPluginsTask.compute(PluginManager.java:377)
	at com.eviware.soapui.plugins.PluginManager$LoadPluginsTask.compute(PluginManager.java:382)
	at com.eviware.soapui.plugins.PluginManager$LoadPluginsTask.compute(PluginManager.java:365)
	at java.util.concurrent.RecursiveTask.exec(RecursiveTask.java:94)
	at java.util.concurrent.ForkJoinTask.doExec(ForkJoinTask.java:289)
	at java.util.concurrent.ForkJoinPool$WorkQueue.runTask(ForkJoinPool.java:1056)
	at java.util.concurrent.ForkJoinPool.runWorker(ForkJoinPool.java:1692)
	at java.util.concurrent.ForkJoinWorkerThread.run(ForkJoinWorkerThread.java:172)
2020-09-03 11:59:26,604 ERROR [SoapUI] An error occurred [com.eviware.soapui.plugins.auto.factories.AutoImportMethodFactory], see error log for details
2020-09-03 11:59:26,607 ERROR [errorlog] java.lang.ClassNotFoundException: com.eviware.soapui.plugins.auto.factories.AutoImportMethodFactory
java.lang.ClassNotFoundException: com.eviware.soapui.plugins.auto.factories.AutoImportMethodFactory
	at org.codehaus.plexus.classworlds.strategy.SelfFirstStrategy.loadClass(SelfFirstStrategy.java:50)
	at org.codehaus.plexus.classworlds.realm.ClassRealm.unsynchronizedLoadClass(ClassRealm.java:271)
	at org.codehaus.plexus.classworlds.realm.ClassRealm.loadClass(ClassRealm.java:247)
	at org.codehaus.plexus.classworlds.realm.ClassRealm.loadClass(ClassRealm.java:239)
	at java.lang.Class.forName0(Native Method)
	at java.lang.Class.forName(Class.java:264)
	at com.eviware.soapui.plugins.LoaderBase.loadAutoFactories(LoaderBase.java:113)
	at com.eviware.soapui.plugins.LoaderBase.loadFactories(LoaderBase.java:80)
	at com.eviware.soapui.plugins.PluginLoader.loadPluginFactories(PluginLoader.java:141)
	at com.eviware.soapui.plugins.PluginLoader.loadPlugin(PluginLoader.java:104)
	at com.eviware.soapui.plugins.PluginLoader.loadPlugin(PluginLoader.java:54)
	at com.eviware.soapui.plugins.PluginManager.doInstallPlugin(PluginManager.java:141)
	at com.eviware.soapui.plugins.PluginManager.access$600(PluginManager.java:43)
	at com.eviware.soapui.plugins.PluginManager$LoadPluginsTask.computeSequentially(PluginManager.java:420)
	at com.eviware.soapui.plugins.PluginManager$LoadPluginsTask.compute(PluginManager.java:377)
	at com.eviware.soapui.plugins.PluginManager$LoadPluginsTask.compute(PluginManager.java:365)
	at java.util.concurrent.RecursiveTask.exec(RecursiveTask.java:94)
	at java.util.concurrent.ForkJoinTask.doExec(ForkJoinTask.java:289)
	at java.util.concurrent.ForkJoinPool$WorkQueue.runTask(ForkJoinPool.java:1056)
	at java.util.concurrent.ForkJoinPool.runWorker(ForkJoinPool.java:1692)
	at java.util.concurrent.ForkJoinWorkerThread.run(ForkJoinWorkerThread.java:172)
2020-09-03 11:59:26,902 INFO  [PluginManager] Adding plugin from [C:\Users\PravalikaPuchakayala\.soapuios\plugins\ready-uxm-plugin-1.0.1-dist.jar]
2020-09-03 11:59:29,042 INFO  [PluginManager] Adding plugin from [C:\Users\PravalikaPuchakayala\.soapuios\plugins\readyapi-postman-1.0.1.jar]
2020-09-03 11:59:29,061 ERROR [SoapUI] An error occurred [com.eviware.soapui.plugins.auto.factories.AutoDiscoveryMethodFactory], see error log for details
2020-09-03 11:59:29,067 ERROR [errorlog] java.lang.ClassNotFoundException: com.eviware.soapui.plugins.auto.factories.AutoDiscoveryMethodFactory
java.lang.ClassNotFoundException: com.eviware.soapui.plugins.auto.factories.AutoDiscoveryMethodFactory
	at org.codehaus.plexus.classworlds.strategy.SelfFirstStrategy.loadClass(SelfFirstStrategy.java:50)
	at org.codehaus.plexus.classworlds.realm.ClassRealm.unsynchronizedLoadClass(ClassRealm.java:271)
	at org.codehaus.plexus.classworlds.realm.ClassRealm.loadClass(ClassRealm.java:247)
	at org.codehaus.plexus.classworlds.realm.ClassRealm.loadClass(ClassRealm.java:239)
	at java.lang.Class.forName0(Native Method)
	at java.lang.Class.forName(Class.java:264)
	at com.eviware.soapui.plugins.LoaderBase.loadAutoFactories(LoaderBase.java:113)
	at com.eviware.soapui.plugins.LoaderBase.loadFactories(LoaderBase.java:80)
	at com.eviware.soapui.plugins.PluginLoader.loadPluginFactories(PluginLoader.java:141)
	at com.eviware.soapui.plugins.PluginLoader.loadPlugin(PluginLoader.java:104)
	at com.eviware.soapui.plugins.PluginLoader.loadPlugin(PluginLoader.java:54)
	at com.eviware.soapui.plugins.PluginManager.doInstallPlugin(PluginManager.java:141)
	at com.eviware.soapui.plugins.PluginManager.access$600(PluginManager.java:43)
	at com.eviware.soapui.plugins.PluginManager$LoadPluginsTask.computeSequentially(PluginManager.java:420)
	at com.eviware.soapui.plugins.PluginManager$LoadPluginsTask.compute(PluginManager.java:377)
	at com.eviware.soapui.plugins.PluginManager$LoadPluginsTask.compute(PluginManager.java:382)
	at com.eviware.soapui.plugins.PluginManager$LoadPluginsTask.compute(PluginManager.java:365)
	at java.util.concurrent.RecursiveTask.exec(RecursiveTask.java:94)
	at java.util.concurrent.ForkJoinTask.doExec(ForkJoinTask.java:289)
	at java.util.concurrent.ForkJoinPool$WorkQueue.runTask(ForkJoinPool.java:1056)
	at java.util.concurrent.ForkJoinPool.runWorker(ForkJoinPool.java:1692)
	at java.util.concurrent.ForkJoinWorkerThread.run(ForkJoinWorkerThread.java:172)
2020-09-03 11:59:30,355 ERROR [SoapUI] An error occurred [com.eviware.soapui.plugins.auto.factories.AutoImportMethodFactory], see error log for details
2020-09-03 11:59:30,369 ERROR [errorlog] java.lang.ClassNotFoundException: com.eviware.soapui.plugins.auto.factories.AutoImportMethodFactory
java.lang.ClassNotFoundException: com.eviware.soapui.plugins.auto.factories.AutoImportMethodFactory
	at org.codehaus.plexus.classworlds.strategy.SelfFirstStrategy.loadClass(SelfFirstStrategy.java:50)
	at org.codehaus.plexus.classworlds.realm.ClassRealm.unsynchronizedLoadClass(ClassRealm.java:271)
	at org.codehaus.plexus.classworlds.realm.ClassRealm.loadClass(ClassRealm.java:247)
	at org.codehaus.plexus.classworlds.realm.ClassRealm.loadClass(ClassRealm.java:239)
	at java.lang.Class.forName0(Native Method)
	at java.lang.Class.forName(Class.java:264)
	at com.eviware.soapui.plugins.LoaderBase.loadAutoFactories(LoaderBase.java:113)
	at com.eviware.soapui.plugins.LoaderBase.loadFactories(LoaderBase.java:80)
	at com.eviware.soapui.plugins.PluginLoader.loadPluginFactories(PluginLoader.java:141)
	at com.eviware.soapui.plugins.PluginLoader.loadPlugin(PluginLoader.java:104)
	at com.eviware.soapui.plugins.PluginLoader.loadPlugin(PluginLoader.java:54)
	at com.eviware.soapui.plugins.PluginManager.doInstallPlugin(PluginManager.java:141)
	at com.eviware.soapui.plugins.PluginManager.access$600(PluginManager.java:43)
	at com.eviware.soapui.plugins.PluginManager$LoadPluginsTask.computeSequentially(PluginManager.java:420)
	at com.eviware.soapui.plugins.PluginManager$LoadPluginsTask.compute(PluginManager.java:377)
	at com.eviware.soapui.plugins.PluginManager$LoadPluginsTask.compute(PluginManager.java:382)
	at com.eviware.soapui.plugins.PluginManager$LoadPluginsTask.compute(PluginManager.java:365)
	at java.util.concurrent.RecursiveTask.exec(RecursiveTask.java:94)
	at java.util.concurrent.ForkJoinTask.doExec(ForkJoinTask.java:289)
	at java.util.concurrent.ForkJoinPool$WorkQueue.runTask(ForkJoinPool.java:1056)
	at java.util.concurrent.ForkJoinPool.runWorker(ForkJoinPool.java:1692)
	at java.util.concurrent.ForkJoinWorkerThread.run(ForkJoinWorkerThread.java:172)
2020-09-03 11:59:30,374 ERROR [SoapUI] An error occurred [com.eviware.soapui.plugins.auto.factories.AutoDiscoveryMethodFactory], see error log for details
2020-09-03 11:59:30,405 ERROR [errorlog] java.lang.ClassNotFoundException: com.eviware.soapui.plugins.auto.factories.AutoDiscoveryMethodFactory
java.lang.ClassNotFoundException: com.eviware.soapui.plugins.auto.factories.AutoDiscoveryMethodFactory
	at org.codehaus.plexus.classworlds.strategy.SelfFirstStrategy.loadClass(SelfFirstStrategy.java:50)
	at org.codehaus.plexus.classworlds.realm.ClassRealm.unsynchronizedLoadClass(ClassRealm.java:271)
	at org.codehaus.plexus.classworlds.realm.ClassRealm.loadClass(ClassRealm.java:247)
	at org.codehaus.plexus.classworlds.realm.ClassRealm.loadClass(ClassRealm.java:239)
	at java.lang.Class.forName0(Native Method)
	at java.lang.Class.forName(Class.java:264)
	at com.eviware.soapui.plugins.LoaderBase.loadAutoFactories(LoaderBase.java:113)
	at com.eviware.soapui.plugins.LoaderBase.loadFactories(LoaderBase.java:80)
	at com.eviware.soapui.plugins.PluginLoader.loadPluginFactories(PluginLoader.java:141)
	at com.eviware.soapui.plugins.PluginLoader.loadPlugin(PluginLoader.java:104)
	at com.eviware.soapui.plugins.PluginLoader.loadPlugin(PluginLoader.java:54)
	at com.eviware.soapui.plugins.PluginManager.doInstallPlugin(PluginManager.java:141)
	at com.eviware.soapui.plugins.PluginManager.access$600(PluginManager.java:43)
	at com.eviware.soapui.plugins.PluginManager$LoadPluginsTask.computeSequentially(PluginManager.java:420)
	at com.eviware.soapui.plugins.PluginManager$LoadPluginsTask.compute(PluginManager.java:377)
	at com.eviware.soapui.plugins.PluginManager$LoadPluginsTask.compute(PluginManager.java:365)
	at java.util.concurrent.RecursiveTask.exec(RecursiveTask.java:94)
	at java.util.concurrent.ForkJoinTask.doExec(ForkJoinTask.java:289)
	at java.util.concurrent.ForkJoinPool$WorkQueue.runTask(ForkJoinPool.java:1056)
	at java.util.concurrent.ForkJoinPool.runWorker(ForkJoinPool.java:1692)
	at java.util.concurrent.ForkJoinWorkerThread.run(ForkJoinWorkerThread.java:172)
2020-09-03 11:59:30,770 INFO  [PluginManager] Adding plugin from [C:\Users\PravalikaPuchakayala\.soapuios\plugins\readyapi-swaggerhub-plugin-1.0.jar]
2020-09-03 11:59:33,139 ERROR [SoapUI] An error occurred [com.eviware.soapui.plugins.auto.factories.AutoDiscoveryMethodFactory], see error log for details
2020-09-03 11:59:33,142 ERROR [errorlog] java.lang.ClassNotFoundException: com.eviware.soapui.plugins.auto.factories.AutoDiscoveryMethodFactory
java.lang.ClassNotFoundException: com.eviware.soapui.plugins.auto.factories.AutoDiscoveryMethodFactory
	at org.codehaus.plexus.classworlds.strategy.SelfFirstStrategy.loadClass(SelfFirstStrategy.java:50)
	at org.codehaus.plexus.classworlds.realm.ClassRealm.unsynchronizedLoadClass(ClassRealm.java:271)
	at org.codehaus.plexus.classworlds.realm.ClassRealm.loadClass(ClassRealm.java:247)
	at org.codehaus.plexus.classworlds.realm.ClassRealm.loadClass(ClassRealm.java:239)
	at java.lang.Class.forName0(Native Method)
	at java.lang.Class.forName(Class.java:264)
	at com.eviware.soapui.plugins.LoaderBase.loadAutoFactories(LoaderBase.java:113)
	at com.eviware.soapui.plugins.LoaderBase.loadFactories(LoaderBase.java:80)
	at com.eviware.soapui.plugins.PluginLoader.loadPluginFactories(PluginLoader.java:141)
	at com.eviware.soapui.plugins.PluginLoader.loadPlugin(PluginLoader.java:104)
	at com.eviware.soapui.plugins.PluginLoader.loadPlugin(PluginLoader.java:54)
	at com.eviware.soapui.plugins.PluginManager.doInstallPlugin(PluginManager.java:141)
	at com.eviware.soapui.plugins.PluginManager.access$600(PluginManager.java:43)
	at com.eviware.soapui.plugins.PluginManager$LoadPluginsTask.computeSequentially(PluginManager.java:420)
	at com.eviware.soapui.plugins.PluginManager$LoadPluginsTask.compute(PluginManager.java:377)
	at com.eviware.soapui.plugins.PluginManager$LoadPluginsTask.compute(PluginManager.java:382)
	at com.eviware.soapui.plugins.PluginManager$LoadPluginsTask.compute(PluginManager.java:365)
	at java.util.concurrent.RecursiveTask.exec(RecursiveTask.java:94)
	at java.util.concurrent.ForkJoinTask.doExec(ForkJoinTask.java:289)
	at java.util.concurrent.ForkJoinPool$WorkQueue.runTask(ForkJoinPool.java:1056)
	at java.util.concurrent.ForkJoinPool.runWorker(ForkJoinPool.java:1692)
	at java.util.concurrent.ForkJoinWorkerThread.run(ForkJoinWorkerThread.java:172)
2020-09-03 11:59:33,241 ERROR [SoapUI] An error occurred [com.eviware.soapui.plugins.auto.factories.AutoImportMethodFactory], see error log for details
2020-09-03 11:59:33,270 ERROR [errorlog] java.lang.ClassNotFoundException: com.eviware.soapui.plugins.auto.factories.AutoImportMethodFactory
java.lang.ClassNotFoundException: com.eviware.soapui.plugins.auto.factories.AutoImportMethodFactory
	at org.codehaus.plexus.classworlds.strategy.SelfFirstStrategy.loadClass(SelfFirstStrategy.java:50)
	at org.codehaus.plexus.classworlds.realm.ClassRealm.unsynchronizedLoadClass(ClassRealm.java:271)
	at org.codehaus.plexus.classworlds.realm.ClassRealm.loadClass(ClassRealm.java:247)
	at org.codehaus.plexus.classworlds.realm.ClassRealm.loadClass(ClassRealm.java:239)
	at java.lang.Class.forName0(Native Method)
	at java.lang.Class.forName(Class.java:264)
	at com.eviware.soapui.plugins.LoaderBase.loadAutoFactories(LoaderBase.java:113)
	at com.eviware.soapui.plugins.LoaderBase.loadFactories(LoaderBase.java:80)
	at com.eviware.soapui.plugins.PluginLoader.loadPluginFactories(PluginLoader.java:141)
	at com.eviware.soapui.plugins.PluginLoader.loadPlugin(PluginLoader.java:104)
	at com.eviware.soapui.plugins.PluginLoader.loadPlugin(PluginLoader.java:54)
	at com.eviware.soapui.plugins.PluginManager.doInstallPlugin(PluginManager.java:141)
	at com.eviware.soapui.plugins.PluginManager.access$600(PluginManager.java:43)
	at com.eviware.soapui.plugins.PluginManager$LoadPluginsTask.computeSequentially(PluginManager.java:420)
	at com.eviware.soapui.plugins.PluginManager$LoadPluginsTask.compute(PluginManager.java:377)
	at com.eviware.soapui.plugins.PluginManager$LoadPluginsTask.compute(PluginManager.java:365)
	at java.util.concurrent.RecursiveTask.exec(RecursiveTask.java:94)
	at java.util.concurrent.ForkJoinTask.doExec(ForkJoinTask.java:289)
	at java.util.concurrent.ForkJoinPool$WorkQueue.runTask(ForkJoinPool.java:1056)
	at java.util.concurrent.ForkJoinPool.runWorker(ForkJoinPool.java:1692)
	at java.util.concurrent.ForkJoinWorkerThread.run(ForkJoinWorkerThread.java:172)
2020-09-03 11:59:33,482 ERROR [SoapUI] An error occurred [com.eviware.soapui.plugins.auto.factories.AutoImportMethodFactory], see error log for details
2020-09-03 11:59:33,504 ERROR [errorlog] java.lang.ClassNotFoundException: com.eviware.soapui.plugins.auto.factories.AutoImportMethodFactory
java.lang.ClassNotFoundException: com.eviware.soapui.plugins.auto.factories.AutoImportMethodFactory
	at org.codehaus.plexus.classworlds.strategy.SelfFirstStrategy.loadClass(SelfFirstStrategy.java:50)
	at org.codehaus.plexus.classworlds.realm.ClassRealm.unsynchronizedLoadClass(ClassRealm.java:271)
	at org.codehaus.plexus.classworlds.realm.ClassRealm.loadClass(ClassRealm.java:247)
	at org.codehaus.plexus.classworlds.realm.ClassRealm.loadClass(ClassRealm.java:239)
	at java.lang.Class.forName0(Native Method)
	at java.lang.Class.forName(Class.java:264)
	at com.eviware.soapui.plugins.LoaderBase.loadAutoFactories(LoaderBase.java:113)
	at com.eviware.soapui.plugins.LoaderBase.loadFactories(LoaderBase.java:80)
	at com.eviware.soapui.plugins.PluginLoader.loadPluginFactories(PluginLoader.java:141)
	at com.eviware.soapui.plugins.PluginLoader.loadPlugin(PluginLoader.java:104)
	at com.eviware.soapui.plugins.PluginLoader.loadPlugin(PluginLoader.java:54)
	at com.eviware.soapui.plugins.PluginManager.doInstallPlugin(PluginManager.java:141)
	at com.eviware.soapui.plugins.PluginManager.access$600(PluginManager.java:43)
	at com.eviware.soapui.plugins.PluginManager$LoadPluginsTask.computeSequentially(PluginManager.java:420)
	at com.eviware.soapui.plugins.PluginManager$LoadPluginsTask.compute(PluginManager.java:377)
	at com.eviware.soapui.plugins.PluginManager$LoadPluginsTask.compute(PluginManager.java:382)
	at com.eviware.soapui.plugins.PluginManager$LoadPluginsTask.compute(PluginManager.java:365)
	at java.util.concurrent.RecursiveTask.exec(RecursiveTask.java:94)
	at java.util.concurrent.ForkJoinTask.doExec(ForkJoinTask.java:289)
	at java.util.concurrent.ForkJoinPool$WorkQueue.runTask(ForkJoinPool.java:1056)
	at java.util.concurrent.ForkJoinPool.runWorker(ForkJoinPool.java:1692)
	at java.util.concurrent.ForkJoinWorkerThread.run(ForkJoinWorkerThread.java:172)
2020-09-03 11:59:33,990 INFO  [PluginManager] 5 plugins loaded in 11276 ms
2020-09-03 11:59:33,990 INFO  [DefaultSoapUICore] All plugins loaded
2020-09-03 11:59:36,607 INFO  [WsdlProject] Loaded project from [file:/C:/Users/PravalikaPuchakayala/Desktop/Pravalika/FullStack/RESTProject/rest-app/Assignment-RestAPI-soapui-project.xml]
2020-09-03 11:59:36,725 INFO  [SoapUITestCaseRunner] Running SoapUI tests in project [Assignment_RestAPI]
2020-09-03 11:59:36,730 INFO  [SoapUITestCaseRunner] Running Project [Assignment_RestAPI], runType = SEQUENTIAL
2020-09-03 11:59:36,812 INFO  [SoapUITestCaseRunner] Running SoapUI testcase [TC_001]
2020-09-03 11:59:36,821 INFO  [SoapUITestCaseRunner] running step [AccessToken]
2020-09-03 11:59:38,699 INFO  [log] Response code is 200
2020-09-03 11:59:38,881 INFO  [SoapUITestCaseRunner] Assertion [Script Assertion] has status VALID
2020-09-03 11:59:38,883 INFO  [SoapUITestCaseRunner] Assertion [Valid HTTP Status Codes] has status VALID
2020-09-03 11:59:38,890 INFO  [SoapUITestCaseRunner] Finished running SoapUI testcase [TC_001], time taken: 728ms, status: FINISHED
2020-09-03 11:59:39,030 INFO  [SoapUITestCaseRunner] Running SoapUI testcase [TC_002]
2020-09-03 11:59:39,065 INFO  [SoapUITestCaseRunner] running step [UserDetails]
2020-09-03 11:59:40,310 INFO  [SoapUITestCaseRunner] running step [Login]
2020-09-03 11:59:40,704 INFO  [log] Response code is 200
2020-09-03 11:59:40,724 INFO  [log] upskills_admin
2020-09-03 11:59:40,731 INFO  [SoapUITestCaseRunner] Assertion [Script Assertion] has status VALID
2020-09-03 11:59:40,731 INFO  [SoapUITestCaseRunner] Assertion [Valid HTTP Status Codes] has status VALID
2020-09-03 11:59:40,761 INFO  [SoapUITestCaseRunner] Assertion [Script Assertion] has status VALID
2020-09-03 11:59:40,765 INFO  [SoapUITestCaseRunner] running step [GetAdminUserAccountDetails]
2020-09-03 11:59:41,185 INFO  [log] Response code is 200
2020-09-03 11:59:41,187 INFO  [log] upskills_admin
2020-09-03 11:59:41,189 INFO  [SoapUITestCaseRunner] Assertion [Script Assertion] has status VALID
2020-09-03 11:59:41,191 INFO  [SoapUITestCaseRunner] Assertion [Valid HTTP Status Codes] has status VALID
2020-09-03 11:59:41,206 INFO  [SoapUITestCaseRunner] running step [Logout]
2020-09-03 11:59:41,546 INFO  [log] Response code is 200
2020-09-03 11:59:41,548 INFO  [SoapUITestCaseRunner] Assertion [Script Assertion] has status VALID
2020-09-03 11:59:41,563 INFO  [SoapUITestCaseRunner] Assertion [Valid HTTP Status Codes] has status VALID
2020-09-03 11:59:41,565 INFO  [SoapUITestCaseRunner] Finished running SoapUI testcase [TC_002], time taken: 2197ms, status: FINISHED
2020-09-03 11:59:41,581 INFO  [SoapUITestCaseRunner] Running SoapUI testcase [TC_021]
2020-09-03 11:59:41,591 INFO  [SoapUITestCaseRunner] running step [UserDetails]
2020-09-03 11:59:41,659 INFO  [SoapUITestCaseRunner] running step [Login]
2020-09-03 11:59:42,013 INFO  [SoapUITestCaseRunner] Assertion [Valid HTTP Status Codes] has status VALID
2020-09-03 11:59:42,013 INFO  [SoapUITestCaseRunner] running step [GetListOfProductsByLimit]
2020-09-03 11:59:42,573 INFO  [log] Response code is 200
2020-09-03 11:59:42,609 INFO  [log] 2
2020-09-03 11:59:42,627 INFO  [SoapUITestCaseRunner] Assertion [Valid HTTP Status Codes] has status VALID
2020-09-03 11:59:42,637 INFO  [SoapUITestCaseRunner] Assertion [JsonPath Count] has status VALID
2020-09-03 11:59:42,640 INFO  [SoapUITestCaseRunner] Assertion [Script Assertion] has status VALID
2020-09-03 11:59:42,641 INFO  [SoapUITestCaseRunner] running step [Logout]
2020-09-03 11:59:42,945 INFO  [SoapUITestCaseRunner] Assertion [Valid HTTP Status Codes] has status VALID
2020-09-03 11:59:42,947 INFO  [SoapUITestCaseRunner] Finished running SoapUI testcase [TC_021], time taken: 1032ms, status: FINISHED
2020-09-03 11:59:42,952 INFO  [SoapUITestCaseRunner] Running SoapUI testcase [TC_022]
2020-09-03 11:59:42,953 INFO  [SoapUITestCaseRunner] running step [UserDetails]
2020-09-03 11:59:42,957 INFO  [SoapUITestCaseRunner] running step [Login]
2020-09-03 11:59:43,264 INFO  [SoapUITestCaseRunner] Assertion [Valid HTTP Status Codes] has status VALID
2020-09-03 11:59:43,265 INFO  [SoapUITestCaseRunner] running step [AddProduct]
2020-09-03 11:59:43,580 INFO  [SoapUITestCaseRunner] Assertion [Valid HTTP Status Codes] has status VALID
2020-09-03 11:59:43,580 INFO  [SoapUITestCaseRunner] running step [ProductId]
2020-09-03 11:59:43,731 INFO  [log] [data:[id:2461], error:[], success:1]
2020-09-03 11:59:43,732 INFO  [log] 2461
2020-09-03 11:59:43,765 INFO  [SoapUITestCaseRunner] running step [GetProductById]
2020-09-03 11:59:44,127 INFO  [log] Response code is 200
2020-09-03 11:59:44,131 INFO  [log] 2461
2020-09-03 11:59:44,132 INFO  [SoapUITestCaseRunner] Assertion [Valid HTTP Status Codes] has status VALID
2020-09-03 11:59:44,133 INFO  [SoapUITestCaseRunner] Assertion [Script Assertion] has status VALID
2020-09-03 11:59:44,151 INFO  [SoapUITestCaseRunner] running step [ProductDetails]
2020-09-03 11:59:44,871 INFO  [log] 3
2020-09-03 11:59:44,871 INFO  [log] 2419 + 14000.0000 + Lenovo IdeaPad S500 extended + Lenovo IdeaPad S500 extended
2020-09-03 11:59:44,883 INFO  [SoapUITestCaseRunner] running step [UpdateProductById]
2020-09-03 11:59:45,231 INFO  [log] 2430 + 14000.0000 + Lenovo IdeaPad S500 extended + Lenovo IdeaPad S500 extended
2020-09-03 11:59:45,232 INFO  [SoapUITestCaseRunner] running step [UpdateProductById]
2020-09-03 11:59:45,547 INFO  [SoapUITestCaseRunner] running step [UpdateProductById]
2020-09-03 11:59:45,856 INFO  [SoapUITestCaseRunner] Assertion [Valid HTTP Status Codes] has status VALID
2020-09-03 11:59:45,857 INFO  [SoapUITestCaseRunner] running step [GetProductById1]
2020-09-03 11:59:46,254 INFO  [log] Response code is 200
2020-09-03 11:59:46,260 INFO  [SoapUITestCaseRunner] Assertion [Valid HTTP Status Codes] has status VALID
2020-09-03 11:59:46,261 INFO  [SoapUITestCaseRunner] Assertion [Script Assertion] has status VALID
2020-09-03 11:59:46,276 INFO  [SoapUITestCaseRunner] running step [Logout]
2020-09-03 11:59:46,648 INFO  [SoapUITestCaseRunner] Assertion [Valid HTTP Status Codes] has status VALID
2020-09-03 11:59:46,649 INFO  [SoapUITestCaseRunner] Finished running SoapUI testcase [TC_022], time taken: 4092ms, status: FINISHED
2020-09-03 11:59:46,660 INFO  [SoapUITestCaseRunner] Running SoapUI testcase [TC_023]
2020-09-03 11:59:46,664 INFO  [SoapUITestCaseRunner] running step [UserDetails]
2020-09-03 11:59:46,665 INFO  [SoapUITestCaseRunner] running step [Login]
2020-09-03 11:59:46,995 INFO  [SoapUITestCaseRunner] Assertion [Valid HTTP Status Codes] has status VALID
2020-09-03 11:59:47,002 INFO  [SoapUITestCaseRunner] running step [GetAllProducts]
2020-09-03 11:59:50,096 INFO  [SoapUITestCaseRunner] Assertion [Valid HTTP Status Codes] has status VALID
2020-09-03 11:59:50,113 INFO  [SoapUITestCaseRunner] running step [BulkUpdate]
2020-09-03 11:59:50,629 INFO  [SoapUITestCaseRunner] Assertion [Valid HTTP Status Codes] has status VALID
2020-09-03 11:59:50,629 INFO  [SoapUITestCaseRunner] running step [GetAllProducts1]
2020-09-03 11:59:53,494 INFO  [SoapUITestCaseRunner] Assertion [Valid HTTP Status Codes] has status VALID
2020-09-03 11:59:53,543 INFO  [SoapUITestCaseRunner] running step [Logout]
2020-09-03 11:59:54,287 INFO  [SoapUITestCaseRunner] Assertion [Valid HTTP Status Codes] has status VALID
2020-09-03 11:59:54,288 INFO  [SoapUITestCaseRunner] Finished running SoapUI testcase [TC_023], time taken: 5408ms, status: FINISHED
2020-09-03 11:59:54,306 INFO  [SoapUITestCaseRunner] Running SoapUI testcase [Database]
2020-09-03 11:59:54,311 INFO  [SoapUITestCaseRunner] running step [ProductDetails]
2020-09-03 11:59:54,314 INFO  [SoapUITestCaseRunner] running step [Login]
2020-09-03 11:59:54,659 INFO  [SoapUITestCaseRunner] Assertion [Valid HTTP Status Codes] has status VALID
2020-09-03 11:59:54,689 INFO  [SoapUITestCaseRunner] running step [DatabaseConnection]
2020-09-03 11:59:55,526 INFO  [SoapUITestCaseRunner] Assertion [JDBC Status] has status VALID
2020-09-03 11:59:55,526 INFO  [SoapUITestCaseRunner] running step [Database]
2020-09-03 11:59:55,571 INFO  [log] <Results>
    <ResultSet fetchSize="0">
        <Row rowNumber="1">
            <PRODUCTDETAILS.MODEL>Lenovo Ideapad Laptop</PRODUCTDETAILS.MODEL>
            <PRODUCTDETAILS.QUANTITY>1000</PRODUCTDETAILS.QUANTITY>
            <PRODUCTDETAILS.PRICE>44000.0000</PRODUCTDETAILS.PRICE>
            <PRODUCTDETAILS.NAME>Lenovo IdeaPad S100</PRODUCTDETAILS.NAME>
            <PRODUCTDETAILS.METATITLE>Lenovo IdeaPad S100</PRODUCTDETAILS.METATITLE>
        </Row>
        <Row rowNumber="2">
            <PRODUCTDETAILS.MODEL>Lenovo Ideapad Laptop</PRODUCTDETAILS.MODEL>
            <PRODUCTDETAILS.QUANTITY>1000</PRODUCTDETAILS.QUANTITY>
            <PRODUCTDETAILS.PRICE>44000.0000</PRODUCTDETAILS.PRICE>
            <PRODUCTDETAILS.NAME>Lenovo IdeaPad S100</PRODUCTDETAILS.NAME>
            <PRODUCTDETAILS.METATITLE>Lenovo IdeaPad S100</PRODUCTDETAILS.METATITLE>
        </Row>
    </ResultSet>
</Results>

2020-09-03 11:59:56,098 INFO  [log] 2
2020-09-03 11:59:56,141 INFO  [log] Lenovo Ideapad Laptop + 1000 + 44000.0000 + Lenovo IdeaPad S100 + Lenovo IdeaPad S100
2020-09-03 11:59:56,143 INFO  [SoapUITestCaseRunner] running step [AddProduct]
2020-09-03 11:59:56,466 INFO  [log] Lenovo Ideapad Laptop + 1000 + 44000.0000 + Lenovo IdeaPad S100 + Lenovo IdeaPad S100
2020-09-03 11:59:56,468 INFO  [SoapUITestCaseRunner] running step [AddProduct]
2020-09-03 11:59:56,789 INFO  [SoapUITestCaseRunner] running step [Logout]
2020-09-03 11:59:57,093 INFO  [SoapUITestCaseRunner] Assertion [Valid HTTP Status Codes] has status VALID
2020-09-03 11:59:57,094 INFO  [SoapUITestCaseRunner] Finished running SoapUI testcase [Database], time taken: 3324ms, status: FINISHED
2020-09-03 11:59:57,097 INFO  [SoapUITestCaseRunner] Running SoapUI testcase [Datadriven]
2020-09-03 11:59:57,099 INFO  [SoapUITestCaseRunner] running step [ProductDetails]
2020-09-03 11:59:57,100 INFO  [SoapUITestCaseRunner] running step [Login]
2020-09-03 11:59:57,400 INFO  [SoapUITestCaseRunner] Assertion [Valid HTTP Status Codes] has status VALID
2020-09-03 11:59:57,401 INFO  [SoapUITestCaseRunner] running step [Datadriven]
2020-09-03 11:59:58,097 INFO  [log] 3
2020-09-03 11:59:58,102 INFO  [log] 2419 + 14000.0000 + Lenovo IdeaPad S500 extended + Lenovo IdeaPad S500 extended
2020-09-03 11:59:58,106 INFO  [SoapUITestCaseRunner] running step [UpdateProductById]
2020-09-03 11:59:58,421 INFO  [log] 2430 + 14000.0000 + Lenovo IdeaPad S500 extended + Lenovo IdeaPad S500 extended
2020-09-03 11:59:58,422 INFO  [SoapUITestCaseRunner] running step [UpdateProductById]
2020-09-03 11:59:58,745 INFO  [SoapUITestCaseRunner] running step [Logout]
2020-09-03 11:59:59,126 INFO  [SoapUITestCaseRunner] Assertion [Valid HTTP Status Codes] has status VALID
2020-09-03 11:59:59,131 INFO  [SoapUITestCaseRunner] Finished running SoapUI testcase [Datadriven], time taken: 2623ms, status: FINISHED
2020-09-03 11:59:59,153 INFO  [SoapUITestCaseRunner] Project [Assignment_RestAPI] finished with status [FINISHED] in 22415ms
2020-09-03 12:00:21,833 WARN  [Tools] Could not delete temporary directory C:\Users\PRAVAL~1\AppData\Local\Temp\3db2e093-2074-4e02-acb9-8e754c8759aa
2020-09-03 12:00:21,844 WARN  [Tools] Could not delete temporary directory C:\Users\PRAVAL~1\AppData\Local\Temp\ca38b344-9ff8-4fd8-99a4-2b8e14116a8f
